<?xml version="1.0" encoding="UTF-8"?>
<testsuite name="health.cucumber.CucumberTest" tests="0" skipped="0" failures="0" errors="0" timestamp="1970-01-01T00:00:00" hostname="DESKTOP-R3HTV5F" time="0.0">
  <properties/>
  <system-out><![CDATA[
4 Scenarios (?[32m4 passed?[0m)
13 Steps (?[32m13 passed?[0m)
0m0,103s

]]></system-out>
  <system-err><![CDATA[]]></system-err>
</testsuite>
